1522733801060	geckodriver	INFO	geckodriver 0.18.0
1522733801068	geckodriver	INFO	Listening on 127.0.0.1:51356
1522733802216	geckodriver::marionette	INFO	Starting browser /usr/bin/firefox with args ["-marionette"]
1522733803064	Marionette	INFO	Enabled via --marionette

(firefox:7157): GLib-GObject-CRITICAL **: g_object_ref: assertion 'object->ref_count > 0' failed

(firefox:7157): GLib-GObject-CRITICAL **: g_object_unref: assertion 'object->ref_count > 0' failed

(firefox:7157): GLib-GObject-CRITICAL **: g_object_ref: assertion 'object->ref_count > 0' failed

(firefox:7157): GLib-GObject-CRITICAL **: g_object_unref: assertion 'object->ref_count > 0' failed

(firefox:7157): GLib-GObject-CRITICAL **: g_object_ref: assertion 'object->ref_count > 0' failed

(firefox:7157): GLib-GObject-CRITICAL **: g_object_unref: assertion 'object->ref_count > 0' failed

(firefox:7157): LIBDBUSMENU-GLIB-WARNING **: Unable to get session bus: Failed to execute child process "dbus-launch" (No such file or directory)

(/usr/lib/firefox/firefox:7204): GLib-GObject-CRITICAL **: g_object_ref: assertion 'object->ref_count > 0' failed

(/usr/lib/firefox/firefox:7204): GLib-GObject-CRITICAL **: g_object_unref: assertion 'object->ref_count > 0' failed

(/usr/lib/firefox/firefox:7204): GLib-GObject-CRITICAL **: g_object_ref: assertion 'object->ref_count > 0' failed

(/usr/lib/firefox/firefox:7204): GLib-GObject-CRITICAL **: g_object_unref: assertion 'object->ref_count > 0' failed

(/usr/lib/firefox/firefox:7204): Pango-WARNING **: error opening config file '/home/zyz/.config/pango/pangorc': Permission denied


(/usr/lib/firefox/firefox:7204): GLib-GObject-CRITICAL **: g_object_ref: assertion 'object->ref_count > 0' failed

(/usr/lib/firefox/firefox:7204): GLib-GObject-CRITICAL **: g_object_unref: assertion 'object->ref_count > 0' failed
1522733806194	Marionette	INFO	Listening on port 57766
1522733806344	Marionette	WARN	TLS certificate errors will be ignored for this session
[GFX1-]: Receive IPC close with reason=AbnormalShutdown
[Child 7238, Chrome_ChildThread] WARNING: pipe error (3): Connection reset by peer: file /build/firefox-4kFFck/firefox-59.0.2+build1/ipc/chromium/src/chrome/common/ipc_channel_posix.cc, line 353
[Child 7204, Chrome_ChildThread] WARNING: pipe error (31): Connection reset by peer: file /build/firefox-4kFFck/firefox-59.0.2+build1/ipc/chromium/src/chrome/common/ipc_channel_posix.cc, line 353
[Child 7204, Chrome_ChildThread] WARNING: pipe error (15): Connection reset by peer: file /build/firefox-4kFFck/firefox-59.0.2+build1/ipc/chromium/src/chrome/common/ipc_channel_posix.cc, line 353
[GFX1-]: Receive IPC close with reason=AbnormalShutdown
[Child 7204, Chrome_ChildThread] WARNING: pipe error (3): Connection reset by peer: file /build/firefox-4kFFck/firefox-59.0.2+build1/ipc/chromium/src/chrome/common/ipc_channel_posix.cc, line 353
1522825795810	geckodriver	INFO	geckodriver 0.18.0
1522825795817	geckodriver	INFO	Listening on 127.0.0.1:35246
1522825796958	geckodriver::marionette	INFO	Starting browser /usr/bin/firefox with args ["-marionette"]
1522825797674	Marionette	INFO	Enabled via --marionette

(firefox:6503): GLib-GObject-CRITICAL **: g_object_ref: assertion 'object->ref_count > 0' failed

(firefox:6503): GLib-GObject-CRITICAL **: g_object_unref: assertion 'object->ref_count > 0' failed

(firefox:6503): GLib-GObject-CRITICAL **: g_object_ref: assertion 'object->ref_count > 0' failed

(firefox:6503): GLib-GObject-CRITICAL **: g_object_unref: assertion 'object->ref_count > 0' failed

(firefox:6503): GLib-GObject-CRITICAL **: g_object_ref: assertion 'object->ref_count > 0' failed

(firefox:6503): GLib-GObject-CRITICAL **: g_object_unref: assertion 'object->ref_count > 0' failed

(firefox:6503): LIBDBUSMENU-GLIB-WARNING **: Unable to get session bus: Failed to execute child process "dbus-launch" (No such file or directory)

(/usr/lib/firefox/firefox:6550): GLib-GObject-CRITICAL **: g_object_ref: assertion 'object->ref_count > 0' failed

(/usr/lib/firefox/firefox:6550): GLib-GObject-CRITICAL **: g_object_unref: assertion 'object->ref_count > 0' failed

(/usr/lib/firefox/firefox:6550): GLib-GObject-CRITICAL **: g_object_ref: assertion 'object->ref_count > 0' failed

(/usr/lib/firefox/firefox:6550): GLib-GObject-CRITICAL **: g_object_unref: assertion 'object->ref_count > 0' failed

(/usr/lib/firefox/firefox:6550): Pango-WARNING **: error opening config file '/home/zyz/.config/pango/pangorc': Permission denied


(/usr/lib/firefox/firefox:6550): GLib-GObject-CRITICAL **: g_object_ref: assertion 'object->ref_count > 0' failed

(/usr/lib/firefox/firefox:6550): GLib-GObject-CRITICAL **: g_object_unref: assertion 'object->ref_count > 0' failed
1522825800122	Marionette	INFO	Listening on port 44123
1522825800194	Marionette	WARN	TLS certificate errors will be ignored for this session
[GFX1-]: Receive IPC close with reason=AbnormalShutdown
[Child 6582, Chrome_ChildThread] WARNING: pipe error (3): Connection reset by peer: file /build/firefox-4kFFck/firefox-59.0.2+build1/ipc/chromium/src/chrome/common/ipc_channel_posix.cc, line 353
[Child 6550, Chrome_ChildThread] WARNING: pipe error (31): Connection reset by peer: file /build/firefox-4kFFck/firefox-59.0.2+build1/ipc/chromium/src/chrome/common/ipc_channel_posix.cc, line 353
[Child 6550, Chrome_ChildThread] WARNING: pipe error (15): Connection reset by peer: file /build/firefox-4kFFck/firefox-59.0.2+build1/ipc/chromium/src/chrome/common/ipc_channel_posix.cc, line 353
[GFX1-]: Receive IPC close with reason=AbnormalShutdown
[Child 6550, Chrome_ChildThread] WARNING: pipe error (3): Connection reset by peer: file /build/firefox-4kFFck/firefox-59.0.2+build1/ipc/chromium/src/chrome/common/ipc_channel_posix.cc, line 353
1522826934318	geckodriver	INFO	geckodriver 0.18.0
1522826934325	geckodriver	INFO	Listening on 127.0.0.1:43290
1522826935477	geckodriver::marionette	INFO	Starting browser /usr/bin/firefox with args ["-marionette"]
1522826936192	Marionette	INFO	Enabled via --marionette

(firefox:6880): GLib-GObject-CRITICAL **: g_object_ref: assertion 'object->ref_count > 0' failed

(firefox:6880): GLib-GObject-CRITICAL **: g_object_unref: assertion 'object->ref_count > 0' failed

(firefox:6880): GLib-GObject-CRITICAL **: g_object_ref: assertion 'object->ref_count > 0' failed

(firefox:6880): GLib-GObject-CRITICAL **: g_object_unref: assertion 'object->ref_count > 0' failed

(firefox:6880): GLib-GObject-CRITICAL **: g_object_ref: assertion 'object->ref_count > 0' failed

(firefox:6880): GLib-GObject-CRITICAL **: g_object_unref: assertion 'object->ref_count > 0' failed

(firefox:6880): LIBDBUSMENU-GLIB-WARNING **: Unable to get session bus: Failed to execute child process "dbus-launch" (No such file or directory)

(/usr/lib/firefox/firefox:6927): GLib-GObject-CRITICAL **: g_object_ref: assertion 'object->ref_count > 0' failed

(/usr/lib/firefox/firefox:6927): GLib-GObject-CRITICAL **: g_object_unref: assertion 'object->ref_count > 0' failed

(/usr/lib/firefox/firefox:6927): GLib-GObject-CRITICAL **: g_object_ref: assertion 'object->ref_count > 0' failed

(/usr/lib/firefox/firefox:6927): GLib-GObject-CRITICAL **: g_object_unref: assertion 'object->ref_count > 0' failed

(/usr/lib/firefox/firefox:6927): Pango-WARNING **: error opening config file '/home/zyz/.config/pango/pangorc': Permission denied


(/usr/lib/firefox/firefox:6927): GLib-GObject-CRITICAL **: g_object_ref: assertion 'object->ref_count > 0' failed

(/usr/lib/firefox/firefox:6927): GLib-GObject-CRITICAL **: g_object_unref: assertion 'object->ref_count > 0' failed
1522826939028	Marionette	INFO	Listening on port 40068
1522826939216	Marionette	WARN	TLS certificate errors will be ignored for this session
[GFX1-]: Receive IPC close with reason=AbnormalShutdown
[Child 6960, Chrome_ChildThread] WARNING: pipe error (3): Connection reset by peer: file /build/firefox-4kFFck/firefox-59.0.2+build1/ipc/chromium/src/chrome/common/ipc_channel_posix.cc, line 353
[Child 6927, Chrome_ChildThread] WARNING: pipe error (31): Connection reset by peer: file /build/firefox-4kFFck/firefox-59.0.2+build1/ipc/chromium/src/chrome/common/ipc_channel_posix.cc, line 353
[Child 6927, Chrome_ChildThread] WARNING: pipe error (15): Connection reset by peer: file /build/firefox-4kFFck/firefox-59.0.2+build1/ipc/chromium/src/chrome/common/ipc_channel_posix.cc, line 353
[GFX1-]: Receive IPC close with reason=AbnormalShutdown
[Child 6927, Chrome_ChildThread] WARNING: pipe error (3): Connection reset by peer: file /build/firefox-4kFFck/firefox-59.0.2+build1/ipc/chromium/src/chrome/common/ipc_channel_posix.cc, line 353
1522827162174	geckodriver	INFO	geckodriver 0.18.0
1522827162179	geckodriver	INFO	Listening on 127.0.0.1:58656
1522827163322	geckodriver::marionette	INFO	Starting browser /usr/bin/firefox with args ["-marionette"]
1522827164024	Marionette	INFO	Enabled via --marionette

(firefox:7058): GLib-GObject-CRITICAL **: g_object_ref: assertion 'object->ref_count > 0' failed

(firefox:7058): GLib-GObject-CRITICAL **: g_object_unref: assertion 'object->ref_count > 0' failed

(firefox:7058): GLib-GObject-CRITICAL **: g_object_ref: assertion 'object->ref_count > 0' failed

(firefox:7058): GLib-GObject-CRITICAL **: g_object_unref: assertion 'object->ref_count > 0' failed

(firefox:7058): GLib-GObject-CRITICAL **: g_object_ref: assertion 'object->ref_count > 0' failed

(firefox:7058): GLib-GObject-CRITICAL **: g_object_unref: assertion 'object->ref_count > 0' failed

(firefox:7058): LIBDBUSMENU-GLIB-WARNING **: Unable to get session bus: Failed to execute child process "dbus-launch" (No such file or directory)

(/usr/lib/firefox/firefox:7105): GLib-GObject-CRITICAL **: g_object_ref: assertion 'object->ref_count > 0' failed

(/usr/lib/firefox/firefox:7105): GLib-GObject-CRITICAL **: g_object_unref: assertion 'object->ref_count > 0' failed

(/usr/lib/firefox/firefox:7105): GLib-GObject-CRITICAL **: g_object_ref: assertion 'object->ref_count > 0' failed

(/usr/lib/firefox/firefox:7105): GLib-GObject-CRITICAL **: g_object_unref: assertion 'object->ref_count > 0' failed

(/usr/lib/firefox/firefox:7105): Pango-WARNING **: error opening config file '/home/zyz/.config/pango/pangorc': Permission denied


(/usr/lib/firefox/firefox:7105): GLib-GObject-CRITICAL **: g_object_ref: assertion 'object->ref_count > 0' failed

(/usr/lib/firefox/firefox:7105): GLib-GObject-CRITICAL **: g_object_unref: assertion 'object->ref_count > 0' failed
1522827166710	Marionette	INFO	Listening on port 33069
1522827166782	Marionette	WARN	TLS certificate errors will be ignored for this session
[GFX1-]: Receive IPC close with reason=AbnormalShutdown
[Child 7143, Chrome_ChildThread] WARNING: pipe error (3): Connection reset by peer: file /build/firefox-4kFFck/firefox-59.0.2+build1/ipc/chromium/src/chrome/common/ipc_channel_posix.cc, line 353
[Child 7105, Chrome_ChildThread] WARNING: pipe error (15): Connection reset by peer: file /build/firefox-4kFFck/firefox-59.0.2+build1/ipc/chromium/src/chrome/common/ipc_channel_posix.cc, line 353
[GFX1-]: Receive IPC close with reason=AbnormalShutdown
[Child 7105, Chrome_ChildThread] WARNING: pipe error (31): Connection reset by peer: file /build/firefox-4kFFck/firefox-59.0.2+build1/ipc/chromium/src/chrome/common/ipc_channel_posix.cc, line 353
[Child 7105, Chrome_ChildThread] WARNING: pipe error (3): Connection reset by peer: file /build/firefox-4kFFck/firefox-59.0.2+build1/ipc/chromium/src/chrome/common/ipc_channel_posix.cc, line 353
